<?xml version="1.0" encoding="UTF-8"?>
<!-- Generated by org.testng.reporters.JUnitXMLReporter -->
<testsuite hostname="SJO-WSBL0501" name="Test Manager" tests="1" failures="0" timestamp="16 Jun 2017 22:27:50 GMT" time="14.202" errors="0">
  <testcase name="agregarPerro_ACAN_37 on [DogsTests passed=0 failed=0 skipped=0]" time="3.145" classname="tests.DogsTests">
    <failure/>
  </testcase> <!-- agregarPerro_ACAN_37 on [DogsTests passed=0 failed=0 skipped=0] -->
</testsuite> <!-- Test Manager -->
